<?xml version="1.0" encoding="UTF-8"?>
<!-- Generated by org.testng.reporters.JUnitReportReporter -->
<testsuite hostname="SarojZenBook" failures="0" tests="5" name="test.EndToEndTesting" time="82.684" errors="0" timestamp="2025-10-16T09:05:44 IST" skipped="0">
  <testcase classname="test.EndToEndTesting" name="launchApplication" time="0.137">
    <system-out>
      <![CDATA[Application is launched successfully with logo]]>
    </system-out>
  </testcase> <!-- launchApplication -->
  <testcase classname="test.EndToEndTesting" name="login" time="11.573">
    <system-out>
      <![CDATA[signup/Login link is clicked
Login page is displayed with header - Login to your account
Email address is entered
Password is entered
Login button is clicked]]>
    </system-out>
  </testcase> <!-- login -->
  <testcase classname="test.EndToEndTesting" name="shopProduct" time="45.192">
    <system-out>
      <![CDATA[Products link is clicked
The Products page is displayed
Women panel is clicked 
Tops category is clicked 
Women products under selected category are displayed 
A product is added to the cart 
Product added to the cart confirmation message is displayed
Continue Shopping button is clicked 
Products link is clicked
Search bar is clicked for searching men products
Input is entered into the search bar 
Specified men product is displayed 
Product is added to the cart 
Product added to the cart confirmation message is displayed
View Cart link is clicked 
The Cart page is displayed
The cart contains the following products
Blue Top
Women > Tops
Green Side Placket Detail T-Shirt
Men > Tshirts
Proceed To Checkout button is clicked ]]>
    </system-out>
  </testcase> <!-- shopProduct -->
  <testcase classname="test.EndToEndTesting" name="proceedCheckout" time="24.033">
    <system-out>
      <![CDATA[Additional instruction is provided through comment/message box
Place Order button is clicked
The Payment page is displayed
Name on the is provided
Card number is provided
CVV is provided
Expiry Month is provided
Expiry Year is provided
Pay And Confirm Order Button is clicked
Order is placed successfully with message displayed on the screen as:Congratulations! Your order has been confirmed!
Continue button is clciked]]>
    </system-out>
  </testcase> <!-- proceedCheckout -->
  <testcase classname="test.EndToEndTesting" name="logout" time="1.749">
    <system-out>
      <![CDATA[Logout link is clicked
Successfully logged out from the account]]>
    </system-out>
  </testcase> <!-- logout -->
  <system-out>
    <![CDATA[Application is launched successfully with logo
signup/Login link is clicked
Login page is displayed with header - Login to your account
Email address is entered
Password is entered
Login button is clicked
Products link is clicked
The Products page is displayed
Women panel is clicked 
Tops category is clicked 
Women products under selected category are displayed 
A product is added to the cart 
Product added to the cart confirmation message is displayed
Continue Shopping button is clicked 
Products link is clicked
Search bar is clicked for searching men products
Input is entered into the search bar 
Specified men product is displayed 
Product is added to the cart 
Product added to the cart confirmation message is displayed
View Cart link is clicked 
The Cart page is displayed
The cart contains the following products
Blue Top
Women > Tops
Green Side Placket Detail T-Shirt
Men > Tshirts
Proceed To Checkout button is clicked 
Additional instruction is provided through comment/message box
Place Order button is clicked
The Payment page is displayed
Name on the is provided
Card number is provided
CVV is provided
Expiry Month is provided
Expiry Year is provided
Pay And Confirm Order Button is clicked
Order is placed successfully with message displayed on the screen as:Congratulations! Your order has been confirmed!
Continue button is clciked
Logout link is clicked
Successfully logged out from the account]]>
  </system-out>
</testsuite> <!-- test.EndToEndTesting -->
